<?xml version="1.0" encoding="utf-8"?><testsuites><testsuite name="pytest" errors="0" failures="0" skipped="0" tests="10" time="0.311" timestamp="2023-09-06T11:54:34.738043" hostname="fedora"><testcase classname="recipes.test_recipes_api" name="test_create_recipe" time="0.210" /><testcase classname="recipes.test_recipes_api" name="test_create_invalid_recipe" time="0.004" /><testcase classname="recipes.test_recipes_api" name="test_create_invalid_recipe_existing_id" time="0.004" /><testcase classname="recipes.test_recipes_api" name="test_get_all_recipes" time="0.003" /><testcase classname="recipes.test_recipes_api" name="test_get_existing_recipe" time="0.003" /><testcase classname="recipes.test_recipes_api" name="test_get_missing_recipe" time="0.003" /><testcase classname="recipes.test_recipes_api" name="test_update_recipe" time="0.005" /><testcase classname="recipes.test_recipes_api" name="test_update_missing_recipe" time="0.003" /><testcase classname="recipes.test_recipes_api" name="test_update_invalid_recipe" time="0.003" /><testcase classname="recipes_main.test_main_api" name="test_healthcheck" time="0.005" /></testsuite></testsuites>